00:00:00.007116 main     VirtualBox COM Server 7.0.10 r158379 win.amd64 (Jul 12 2023 18:34:34) release log
00:00:00.007118 main     Log opened 2023-08-14T07:42:59.055832500Z
00:00:00.007119 main     Build Type: release
00:00:00.007121 main     OS Product: Windows 11
00:00:00.007122 main     OS Release: 10.0.22621
00:00:00.007122 main     OS Service Pack: 
00:00:00.057296 main     DMI Product Name: Latitude 5440
00:00:00.078085 main     DMI Product Version: 
00:00:00.078102 main     Firmware type: UEFI
00:00:00.078775 main     Secure Boot: VERR_PRIVILEGE_NOT_HELD
00:00:00.080044 main     Host RAM: 16036MB (15.6GB) total, 3135MB (3.0GB) available
00:00:00.080048 main     Executable: C:\Program Files\Oracle\VirtualBox\VBoxSVC.exe
00:00:00.080048 main     Process ID: 25924
00:00:00.080048 main     Package type: WINDOWS_64BITS_GENERIC
00:00:00.186977          VirtualBox: object creation starts
00:00:00.187172          Home directory: 'C:\Users\farshid.parvizian\.VirtualBox'
00:00:00.187259          Installed Drivers:
00:00:00.197557            C:\Windows\system32\DRIVERS\VBoxSup.sys (Version: 7.0.10.8379)
00:00:00.198016            C:\Windows\system32\DRIVERS\VBoxUSBMon.sys (Version: 7.0.10.8379)
00:00:00.198412            C:\Windows\system32\DRIVERS\VBoxNetAdp6.sys (Version: 7.0.10.8379)
00:00:00.198796            C:\Windows\system32\DRIVERS\VBoxNetLwf.sys (Version: 7.0.10.8379)
00:00:00.203287          Loading settings file "C:\Users\farshid.parvizian\.VirtualBox\VirtualBox.xml" with version "1.12-windows"
00:00:00.207033          usbLibGetDevices: Starting USB device enumeration
00:00:00.213074          Getting USB descriptor (id 0) failed (dwErr=31) on hub USB#VID_0BDA&PID_5413#7&1c03ff5a&0&3#{f18a0e88-c30c-11d0-8815-00a0c906bed8} port 5
00:00:00.213620          Getting USB descriptor (id 0) failed (dwErr=31) on hub USB#ROOT_HUB30#4&15fdb2bd&0&0#{f18a0e88-c30c-11d0-8815-00a0c906bed8} port 6
00:00:00.213657          Getting USB descriptor (id 0) failed (dwErr=31) on hub USB#ROOT_HUB30#4&15fdb2bd&0&0#{f18a0e88-c30c-11d0-8815-00a0c906bed8} port 10
00:00:00.218883          usbLibGetDevices: Found 7 USB devices, 0 captured
00:00:00.218950          USB: Unknown USB device detected (idVendor: 0x0c45, idProduct: 0x674c)
00:00:00.218991          USB: Unknown USB device detected (idVendor: 0x413c, idProduct: 0xb06f)
00:00:00.218997          USB: Unknown USB device detected (idVendor: 0x8087, idProduct: 0x0033)
00:00:00.407038          HostDnsMonitor: initializing
00:00:00.428192          HostDnsMonitor: updating information
00:00:00.428211          HostDnsMonitor: old information
00:00:00.428211            no server entries
00:00:00.428212            no domain set
00:00:00.428212            no search string entries
00:00:00.428212          HostDnsMonitor: new information
00:00:00.428212            server 1: 10.249.21.48
00:00:00.428213            server 2: 10.249.21.50
00:00:00.428213            server 3: 10.139.131.1
00:00:00.428213            server 4: 10.139.131.2
00:00:00.428213            server 5: 10.140.64.8
00:00:00.428214            server 6: 10.140.64.9
00:00:00.428214            server 7: 10.140.0.12
00:00:00.428214            server 8: 10.140.0.14
00:00:00.428214            domain: eu.didata.local
00:00:00.428215            no search string entries
00:00:00.431275          VD: VDInit finished with VINF_SUCCESS
00:00:00.432392          VirtualBox: object created
00:00:00.533932          Saving settings file "C:\Users\farshid.parvizian\.VirtualBox\VirtualBox.xml" with version "1.12-windows"
00:00:00.536909          Finished saving settings file "C:\Users\farshid.parvizian\.VirtualBox\VirtualBox.xml"
00:00:00.537144          Saving settings file "C:\Users\farshid.parvizian\.VirtualBox\VirtualBox.xml" with version "1.12-windows"
00:00:00.540623          Finished saving settings file "C:\Users\farshid.parvizian\.VirtualBox\VirtualBox.xml"
00:00:00.540942          Saving settings file "C:\Users\farshid.parvizian\.VirtualBox\VirtualBox.xml" with version "1.12-windows"
00:00:00.545515          Finished saving settings file "C:\Users\farshid.parvizian\.VirtualBox\VirtualBox.xml"
00:13:45.602756 dns-monitor HostDnsMonitor: updating information
00:13:45.602830 dns-monitor HostDnsMonitor: unchanged
00:14:54.569196 USBPROXY usbLibGetDevices: Starting USB device enumeration
00:14:54.580618 USBPROXY Getting USB descriptor (id 0) failed (dwErr=31) on hub USB#VID_0BDA&PID_5413#7&1c03ff5a&0&3#{f18a0e88-c30c-11d0-8815-00a0c906bed8} port 5
00:14:54.583041 USBPROXY Getting USB descriptor (id 0) failed (dwErr=31) on hub USB#ROOT_HUB30#4&15fdb2bd&0&0#{f18a0e88-c30c-11d0-8815-00a0c906bed8} port 6
00:14:54.583489 USBPROXY Getting USB descriptor (id 0) failed (dwErr=31) on hub USB#ROOT_HUB30#4&15fdb2bd&0&0#{f18a0e88-c30c-11d0-8815-00a0c906bed8} port 10
00:14:54.584295 USBPROXY usbLibGetDevices: Found 7 USB devices, 0 captured
00:24:06.228303 USBPROXY usbLibGetDevices: Starting USB device enumeration
00:24:06.251122 USBPROXY Getting USB descriptor (id 0) failed (dwErr=31) on hub USB#ROOT_HUB30#4&15fdb2bd&0&0#{f18a0e88-c30c-11d0-8815-00a0c906bed8} port 6
00:24:06.253057 USBPROXY usbLibGetDevices: Found 7 USB devices, 0 captured
00:32:33.452006 USBPROXY usbLibGetDevices: Starting USB device enumeration
00:32:33.459834 USBPROXY Getting USB descriptor (id 0) failed (dwErr=31) on hub USB#VID_0BDA&PID_5413#7&1c03ff5a&0&3#{f18a0e88-c30c-11d0-8815-00a0c906bed8} port 5
00:32:33.461145 USBPROXY Getting USB descriptor (id 0) failed (dwErr=31) on hub USB#ROOT_HUB30#4&15fdb2bd&0&0#{f18a0e88-c30c-11d0-8815-00a0c906bed8} port 6
00:32:33.462047 USBPROXY usbLibGetDevices: Found 7 USB devices, 0 captured
00:42:02.587661 USBPROXY usbLibGetDevices: Starting USB device enumeration
00:42:02.597269 USBPROXY Getting USB descriptor (id 0) failed (dwErr=31) on hub USB#VID_0BDA&PID_5413#7&1c03ff5a&0&3#{f18a0e88-c30c-11d0-8815-00a0c906bed8} port 5
00:42:02.599366 USBPROXY Getting USB descriptor (id 0) failed (dwErr=31) on hub USB#ROOT_HUB30#4&15fdb2bd&0&0#{f18a0e88-c30c-11d0-8815-00a0c906bed8} port 6
00:42:02.599795 USBPROXY Getting USB descriptor (id 0) failed (dwErr=31) on hub USB#ROOT_HUB30#4&15fdb2bd&0&0#{f18a0e88-c30c-11d0-8815-00a0c906bed8} port 10
00:42:02.600797 USBPROXY usbLibGetDevices: Found 7 USB devices, 0 captured
00:43:46.831666 dns-monitor HostDnsMonitor: updating information
00:43:46.831704 dns-monitor HostDnsMonitor: unchanged
01:13:48.053099 dns-monitor HostDnsMonitor: updating information
01:13:48.053185 dns-monitor HostDnsMonitor: unchanged
01:23:41.077073 USBPROXY usbLibGetDevices: Starting USB device enumeration
01:23:41.087822 USBPROXY Getting USB descriptor (id 0) failed (dwErr=31) on hub USB#ROOT_HUB30#4&15fdb2bd&0&0#{f18a0e88-c30c-11d0-8815-00a0c906bed8} port 6
01:23:41.087966 USBPROXY Getting USB descriptor (id 0) failed (dwErr=31) on hub USB#ROOT_HUB30#4&15fdb2bd&0&0#{f18a0e88-c30c-11d0-8815-00a0c906bed8} port 10
01:23:41.088362 USBPROXY usbLibGetDevices: Found 8 USB devices, 0 captured
01:34:56.673016 USBPROXY usbLibGetDevices: Starting USB device enumeration
01:34:56.686934 USBPROXY Getting USB descriptor (id 0) failed (dwErr=31) on hub USB#ROOT_HUB30#4&15fdb2bd&0&0#{f18a0e88-c30c-11d0-8815-00a0c906bed8} port 6
01:34:56.687576 USBPROXY usbLibGetDevices: Found 8 USB devices, 0 captured
01:35:26.745624 USBPROXY usbLibGetDevices: Starting USB device enumeration
01:35:26.755621 USBPROXY Getting USB descriptor (id 0) failed (dwErr=31) on hub USB#VID_0BDA&PID_5413#7&1c03ff5a&0&3#{f18a0e88-c30c-11d0-8815-00a0c906bed8} port 5
01:35:26.764154 USBPROXY usbLibGetDevices: Found 8 USB devices, 0 captured
01:38:51.663466 USBPROXY usbLibGetDevices: Starting USB device enumeration
01:38:51.672038 USBPROXY Getting USB descriptor (id 0) failed (dwErr=31) on hub USB#VID_0BDA&PID_5413#7&1c03ff5a&0&3#{f18a0e88-c30c-11d0-8815-00a0c906bed8} port 5
01:38:51.673170 USBPROXY Getting USB descriptor (id 0) failed (dwErr=31) on hub USB#ROOT_HUB30#4&15fdb2bd&0&0#{f18a0e88-c30c-11d0-8815-00a0c906bed8} port 6
01:38:51.673407 USBPROXY Getting USB descriptor (id 0) failed (dwErr=31) on hub USB#ROOT_HUB30#4&15fdb2bd&0&0#{f18a0e88-c30c-11d0-8815-00a0c906bed8} port 10
01:38:51.674096 USBPROXY usbLibGetDevices: Found 8 USB devices, 0 captured
01:38:51.674210 USBPROXY USB: Unknown USB device detected (idVendor: 0x0c45, idProduct: 0x674c)
01:38:58.005773 USBPROXY usbLibGetDevices: Starting USB device enumeration
01:38:58.018387 USBPROXY Getting USB descriptor (id 0) failed (dwErr=31) on hub USB#VID_0BDA&PID_5413#7&1c03ff5a&0&3#{f18a0e88-c30c-11d0-8815-00a0c906bed8} port 5
01:38:58.020110 USBPROXY Getting USB descriptor (id 0) failed (dwErr=31) on hub USB#ROOT_HUB30#4&15fdb2bd&0&0#{f18a0e88-c30c-11d0-8815-00a0c906bed8} port 6
01:38:58.020417 USBPROXY Getting USB descriptor (id 0) failed (dwErr=31) on hub USB#ROOT_HUB30#4&15fdb2bd&0&0#{f18a0e88-c30c-11d0-8815-00a0c906bed8} port 10
01:38:58.021083 USBPROXY usbLibGetDevices: Found 8 USB devices, 0 captured
01:43:27.507287 USBPROXY usbLibGetDevices: Starting USB device enumeration
01:43:27.520206 USBPROXY Getting USB descriptor (id 0) failed (dwErr=31) on hub USB#VID_0BDA&PID_5413#7&1c03ff5a&0&3#{f18a0e88-c30c-11d0-8815-00a0c906bed8} port 5
01:43:27.521651 USBPROXY Getting USB descriptor (id 0) failed (dwErr=31) on hub USB#ROOT_HUB30#4&15fdb2bd&0&0#{f18a0e88-c30c-11d0-8815-00a0c906bed8} port 6
01:43:27.521936 USBPROXY Getting USB descriptor (id 0) failed (dwErr=31) on hub USB#ROOT_HUB30#4&15fdb2bd&0&0#{f18a0e88-c30c-11d0-8815-00a0c906bed8} port 10
01:43:27.522594 USBPROXY usbLibGetDevices: Found 8 USB devices, 0 captured
01:43:49.310178 dns-monitor HostDnsMonitor: updating information
01:43:49.310221 dns-monitor HostDnsMonitor: unchanged
01:45:25.002433 main     VirtualBox: object deletion starts
01:45:25.007841 main     HostDnsMonitor: shutting down ...
01:45:25.008005 main     HostDnsMonitor: shut down
01:45:25.013117 Watcher  ERROR [COM]: aRC=E_ACCESSDENIED (0x80070005) aIID={7682d5eb-f00e-44f1-8ca2-99d08b1cd607} aComponent={VirtualBoxWrap} aText={The object is not ready}, preserve=false aResultDetail=0
01:45:25.015711 main     VirtualBox: object deleted
